<?xml version="1.0" encoding="UTF-8"?>
<!-- Generated by org.testng.reporters.JUnitXMLReporter -->
<testsuite ignored="0" hostname="LAPTOP-7FCFOSMI" failures="1" tests="2" name="Test" time="0.045" errors="0" timestamp="2022-11-08T17:05:27 IST">
  <testcase classname="com.Assert_class.Assert_Fail" name="TC1" time="0.007"/>
  <testcase classname="com.Assert_class.Assert_Fail" name="TC2" time="0.003">
    <failure type="java.lang.AssertionError" message="null">
      <![CDATA[java.lang.AssertionError: null
at com.Assert_class.Assert_Fail.TC2(Assert_Fail.java:16)
at java.base/java.util.ArrayList.forEach(ArrayList.java:1511)
... Removed 29 stack frames]]>
    </failure>
  </testcase> <!-- TC2 -->
</testsuite> <!-- Test -->
